<?xml version="1.0" encoding="UTF-8"?>
<testsuite xmlns:xsi="http://www.w3.org/2001/XMLSchema-instance" xsi:noNamespaceSchemaLocation="https://maven.apache.org/surefire/maven-surefire-plugin/xsd/surefire-test-report-3.0.xsd" version="3.0" name="dev.jlibra.admissioncontrol.query.AccountDataTest" time="0" tests="1" errors="0" skipped="0" failures="0">
  <properties>
    <property name="gopherProxySet" value="false"/>
    <property name="awt.toolkit" value="sun.lwawt.macosx.LWCToolkit"/>
    <property name="file.encoding.pkg" value="sun.io"/>
    <property name="java.specification.version" value="1.8"/>
    <property name="sun.cpu.isalist" value=""/>
    <property name="sun.jnu.encoding" value="UTF-8"/>
    <property name="java.class.path" value="/Users/joooo/.m2/repository/org/apache/maven/surefire/surefire-booter/3.0.0-M3/surefire-booter-3.0.0-M3.jar:/Users/joooo/.m2/repository/org/apache/maven/surefire/surefire-api/3.0.0-M3/surefire-api-3.0.0-M3.jar:/Users/joooo/.m2/repository/org/apache/maven/surefire/surefire-logger-api/3.0.0-M3/surefire-logger-api-3.0.0-M3.jar:/Users/joooo/webroot/jlibra/jlibra-core/target/test-classes:/Users/joooo/webroot/jlibra/jlibra-core/target/classes:/Users/joooo/webroot/jlibra/jlibra-grpc/target/jlibra-grpc-0.1.0-SNAPSHOT.jar:/Users/joooo/.m2/repository/io/grpc/grpc-netty/1.21.0/grpc-netty-1.21.0.jar:/Users/joooo/.m2/repository/io/grpc/grpc-core/1.21.0/grpc-core-1.21.0.jar:/Users/joooo/.m2/repository/io/opencensus/opencensus-api/0.21.0/opencensus-api-0.21.0.jar:/Users/joooo/.m2/repository/com/google/code/gson/gson/2.7/gson-2.7.jar:/Users/joooo/.m2/repository/com/google/android/annotations/4.1.1.4/annotations-4.1.1.4.jar:/Users/joooo/.m2/repository/io/opencensus/opencensus-contrib-grpc-metrics/0.21.0/opencensus-contrib-grpc-metrics-0.21.0.jar:/Users/joooo/.m2/repository/io/netty/netty-codec-http2/4.1.34.Final/netty-codec-http2-4.1.34.Final.jar:/Users/joooo/.m2/repository/io/netty/netty-common/4.1.34.Final/netty-common-4.1.34.Final.jar:/Users/joooo/.m2/repository/io/netty/netty-buffer/4.1.34.Final/netty-buffer-4.1.34.Final.jar:/Users/joooo/.m2/repository/io/netty/netty-transport/4.1.34.Final/netty-transport-4.1.34.Final.jar:/Users/joooo/.m2/repository/io/netty/netty-resolver/4.1.34.Final/netty-resolver-4.1.34.Final.jar:/Users/joooo/.m2/repository/io/netty/netty-codec/4.1.34.Final/netty-codec-4.1.34.Final.jar:/Users/joooo/.m2/repository/io/netty/netty-handler/4.1.34.Final/netty-handler-4.1.34.Final.jar:/Users/joooo/.m2/repository/io/netty/netty-codec-http/4.1.34.Final/netty-codec-http-4.1.34.Final.jar:/Users/joooo/.m2/repository/io/netty/netty-handler-proxy/4.1.34.Final/netty-handler-proxy-4.1.34.Final.jar:/Users/joooo/.m2/repository/io/netty/netty-codec-socks/4.1.34.Final/netty-codec-socks-4.1.34.Final.jar:/Users/joooo/.m2/repository/io/grpc/grpc-protobuf/1.21.0/grpc-protobuf-1.21.0.jar:/Users/joooo/.m2/repository/io/grpc/grpc-api/1.21.0/grpc-api-1.21.0.jar:/Users/joooo/.m2/repository/io/grpc/grpc-context/1.21.0/grpc-context-1.21.0.jar:/Users/joooo/.m2/repository/com/google/errorprone/error_prone_annotations/2.3.2/error_prone_annotations-2.3.2.jar:/Users/joooo/.m2/repository/com/google/code/findbugs/jsr305/3.0.2/jsr305-3.0.2.jar:/Users/joooo/.m2/repository/org/codehaus/mojo/animal-sniffer-annotations/1.17/animal-sniffer-annotations-1.17.jar:/Users/joooo/.m2/repository/com/google/protobuf/protobuf-java/3.7.1/protobuf-java-3.7.1.jar:/Users/joooo/.m2/repository/com/google/guava/guava/26.0-android/guava-26.0-android.jar:/Users/joooo/.m2/repository/org/checkerframework/checker-compat-qual/2.5.2/checker-compat-qual-2.5.2.jar:/Users/joooo/.m2/repository/com/google/j2objc/j2objc-annotations/1.1/j2objc-annotations-1.1.jar:/Users/joooo/.m2/repository/com/google/api/grpc/proto-google-common-protos/1.12.0/proto-google-common-protos-1.12.0.jar:/Users/joooo/.m2/repository/io/grpc/grpc-protobuf-lite/1.21.0/grpc-protobuf-lite-1.21.0.jar:/Users/joooo/.m2/repository/io/grpc/grpc-stub/1.21.0/grpc-stub-1.21.0.jar:/Users/joooo/.m2/repository/javax/annotation/javax.annotation-api/1.3.2/javax.annotation-api-1.3.2.jar:/Users/joooo/.m2/repository/org/bouncycastle/bcprov-jdk15on/1.62/bcprov-jdk15on-1.62.jar:/Users/joooo/.m2/repository/org/immutables/value/2.7.4/value-2.7.4.jar:/Users/joooo/.m2/repository/commons-io/commons-io/2.6/commons-io-2.6.jar:/Users/joooo/.m2/repository/junit/junit/4.12/junit-4.12.jar:/Users/joooo/.m2/repository/org/hamcrest/hamcrest-core/1.3/hamcrest-core-1.3.jar:/Users/joooo/.m2/repository/org/hamcrest/hamcrest-library/1.3/hamcrest-library-1.3.jar:/Users/joooo/.m2/repository/org/apache/maven/surefire/surefire-junit4/3.0.0-M3/surefire-junit4-3.0.0-M3.jar:/Users/joooo/.m2/repository/org/apache/maven/surefire/common-java5/3.0.0-M3/common-java5-3.0.0-M3.jar:/Users/joooo/.m2/repository/org/apache/maven/surefire/common-junit3/3.0.0-M3/common-junit3-3.0.0-M3.jar:/Users/joooo/.m2/repository/org/apache/maven/surefire/common-junit4/3.0.0-M3/common-junit4-3.0.0-M3.jar"/>
    <property name="java.vm.vendor" value="Oracle Corporation"/>
    <property name="sun.arch.data.model" value="64"/>
    <property name="java.vendor.url" value="http://java.oracle.com/"/>
    <property name="user.timezone" value=""/>
    <property name="java.vm.specification.version" value="1.8"/>
    <property name="os.name" value="Mac OS X"/>
    <property name="user.country" value="CN"/>
    <property name="sun.java.launcher" value="SUN_STANDARD"/>
    <property name="sun.boot.library.path" value="/Library/Java/JavaVirtualMachines/jdk1.8.0_151.jdk/Contents/Home/jre/lib"/>
    <property name="sun.java.command" value="org.apache.maven.surefire.booter.ForkedBooter /Users/joooo/webroot/jlibra/jlibra-core/target/surefire 2019-09-16T00-23-19_883-jvmRun1 surefire7013079442356596468tmp surefire_08819381475472261086tmp"/>
    <property name="surefire.test.class.path" value="/Users/joooo/webroot/jlibra/jlibra-core/target/test-classes:/Users/joooo/webroot/jlibra/jlibra-core/target/classes:/Users/joooo/webroot/jlibra/jlibra-grpc/target/jlibra-grpc-0.1.0-SNAPSHOT.jar:/Users/joooo/.m2/repository/io/grpc/grpc-netty/1.21.0/grpc-netty-1.21.0.jar:/Users/joooo/.m2/repository/io/grpc/grpc-core/1.21.0/grpc-core-1.21.0.jar:/Users/joooo/.m2/repository/io/opencensus/opencensus-api/0.21.0/opencensus-api-0.21.0.jar:/Users/joooo/.m2/repository/com/google/code/gson/gson/2.7/gson-2.7.jar:/Users/joooo/.m2/repository/com/google/android/annotations/4.1.1.4/annotations-4.1.1.4.jar:/Users/joooo/.m2/repository/io/opencensus/opencensus-contrib-grpc-metrics/0.21.0/opencensus-contrib-grpc-metrics-0.21.0.jar:/Users/joooo/.m2/repository/io/netty/netty-codec-http2/4.1.34.Final/netty-codec-http2-4.1.34.Final.jar:/Users/joooo/.m2/repository/io/netty/netty-common/4.1.34.Final/netty-common-4.1.34.Final.jar:/Users/joooo/.m2/repository/io/netty/netty-buffer/4.1.34.Final/netty-buffer-4.1.34.Final.jar:/Users/joooo/.m2/repository/io/netty/netty-transport/4.1.34.Final/netty-transport-4.1.34.Final.jar:/Users/joooo/.m2/repository/io/netty/netty-resolver/4.1.34.Final/netty-resolver-4.1.34.Final.jar:/Users/joooo/.m2/repository/io/netty/netty-codec/4.1.34.Final/netty-codec-4.1.34.Final.jar:/Users/joooo/.m2/repository/io/netty/netty-handler/4.1.34.Final/netty-handler-4.1.34.Final.jar:/Users/joooo/.m2/repository/io/netty/netty-codec-http/4.1.34.Final/netty-codec-http-4.1.34.Final.jar:/Users/joooo/.m2/repository/io/netty/netty-handler-proxy/4.1.34.Final/netty-handler-proxy-4.1.34.Final.jar:/Users/joooo/.m2/repository/io/netty/netty-codec-socks/4.1.34.Final/netty-codec-socks-4.1.34.Final.jar:/Users/joooo/.m2/repository/io/grpc/grpc-protobuf/1.21.0/grpc-protobuf-1.21.0.jar:/Users/joooo/.m2/repository/io/grpc/grpc-api/1.21.0/grpc-api-1.21.0.jar:/Users/joooo/.m2/repository/io/grpc/grpc-context/1.21.0/grpc-context-1.21.0.jar:/Users/joooo/.m2/repository/com/google/errorprone/error_prone_annotations/2.3.2/error_prone_annotations-2.3.2.jar:/Users/joooo/.m2/repository/com/google/code/findbugs/jsr305/3.0.2/jsr305-3.0.2.jar:/Users/joooo/.m2/repository/org/codehaus/mojo/animal-sniffer-annotations/1.17/animal-sniffer-annotations-1.17.jar:/Users/joooo/.m2/repository/com/google/protobuf/protobuf-java/3.7.1/protobuf-java-3.7.1.jar:/Users/joooo/.m2/repository/com/google/guava/guava/26.0-android/guava-26.0-android.jar:/Users/joooo/.m2/repository/org/checkerframework/checker-compat-qual/2.5.2/checker-compat-qual-2.5.2.jar:/Users/joooo/.m2/repository/com/google/j2objc/j2objc-annotations/1.1/j2objc-annotations-1.1.jar:/Users/joooo/.m2/repository/com/google/api/grpc/proto-google-common-protos/1.12.0/proto-google-common-protos-1.12.0.jar:/Users/joooo/.m2/repository/io/grpc/grpc-protobuf-lite/1.21.0/grpc-protobuf-lite-1.21.0.jar:/Users/joooo/.m2/repository/io/grpc/grpc-stub/1.21.0/grpc-stub-1.21.0.jar:/Users/joooo/.m2/repository/javax/annotation/javax.annotation-api/1.3.2/javax.annotation-api-1.3.2.jar:/Users/joooo/.m2/repository/org/bouncycastle/bcprov-jdk15on/1.62/bcprov-jdk15on-1.62.jar:/Users/joooo/.m2/repository/org/immutables/value/2.7.4/value-2.7.4.jar:/Users/joooo/.m2/repository/commons-io/commons-io/2.6/commons-io-2.6.jar:/Users/joooo/.m2/repository/junit/junit/4.12/junit-4.12.jar:/Users/joooo/.m2/repository/org/hamcrest/hamcrest-core/1.3/hamcrest-core-1.3.jar:/Users/joooo/.m2/repository/org/hamcrest/hamcrest-library/1.3/hamcrest-library-1.3.jar:"/>
    <property name="sun.cpu.endian" value="little"/>
    <property name="user.home" value="/Users/joooo"/>
    <property name="user.language" value="zh"/>
    <property name="java.specification.vendor" value="Oracle Corporation"/>
    <property name="java.home" value="/Library/Java/JavaVirtualMachines/jdk1.8.0_151.jdk/Contents/Home/jre"/>
    <property name="basedir" value="/Users/joooo/webroot/jlibra/jlibra-core"/>
    <property name="file.separator" value="/"/>
    <property name="line.separator" value="&#10;"/>
    <property name="java.vm.specification.vendor" value="Oracle Corporation"/>
    <property name="java.specification.name" value="Java Platform API Specification"/>
    <property name="java.awt.graphicsenv" value="sun.awt.CGraphicsEnvironment"/>
    <property name="sun.boot.class.path" value="/Library/Java/JavaVirtualMachines/jdk1.8.0_151.jdk/Contents/Home/jre/lib/resources.jar:/Library/Java/JavaVirtualMachines/jdk1.8.0_151.jdk/Contents/Home/jre/lib/rt.jar:/Library/Java/JavaVirtualMachines/jdk1.8.0_151.jdk/Contents/Home/jre/lib/sunrsasign.jar:/Library/Java/JavaVirtualMachines/jdk1.8.0_151.jdk/Contents/Home/jre/lib/jsse.jar:/Library/Java/JavaVirtualMachines/jdk1.8.0_151.jdk/Contents/Home/jre/lib/jce.jar:/Library/Java/JavaVirtualMachines/jdk1.8.0_151.jdk/Contents/Home/jre/lib/charsets.jar:/Library/Java/JavaVirtualMachines/jdk1.8.0_151.jdk/Contents/Home/jre/lib/jfr.jar:/Library/Java/JavaVirtualMachines/jdk1.8.0_151.jdk/Contents/Home/jre/classes"/>
    <property name="sun.management.compiler" value="HotSpot 64-Bit Tiered Compilers"/>
    <property name="java.runtime.version" value="1.8.0_151-b12"/>
    <property name="user.name" value="joooo"/>
    <property name="path.separator" value=":"/>
    <property name="os.version" value="10.14.5"/>
    <property name="java.endorsed.dirs" value="/Library/Java/JavaVirtualMachines/jdk1.8.0_151.jdk/Contents/Home/jre/lib/endorsed"/>
    <property name="java.runtime.name" value="Java(TM) SE Runtime Environment"/>
    <property name="file.encoding" value="UTF-8"/>
    <property name="java.vm.name" value="Java HotSpot(TM) 64-Bit Server VM"/>
    <property name="localRepository" value="/Users/joooo/.m2/repository"/>
    <property name="java.vendor.url.bug" value="http://bugreport.sun.com/bugreport/"/>
    <property name="java.io.tmpdir" value="/var/folders/cc/pxkk3y715f73yh9_wxw05f5c0000gn/T/"/>
    <property name="java.version" value="1.8.0_151"/>
    <property name="user.dir" value="/Users/joooo/webroot/jlibra/jlibra-core"/>
    <property name="os.arch" value="x86_64"/>
    <property name="java.vm.specification.name" value="Java Virtual Machine Specification"/>
    <property name="java.awt.printerjob" value="sun.lwawt.macosx.CPrinterJob"/>
    <property name="sun.os.patch.level" value="unknown"/>
    <property name="java.library.path" value="/Users/joooo/Library/Java/Extensions:/Library/Java/Extensions:/Network/Library/Java/Extensions:/System/Library/Java/Extensions:/usr/lib/java:."/>
    <property name="java.vm.info" value="mixed mode"/>
    <property name="java.vendor" value="Oracle Corporation"/>
    <property name="java.vm.version" value="25.151-b12"/>
    <property name="java.ext.dirs" value="/Users/joooo/Library/Java/Extensions:/Library/Java/JavaVirtualMachines/jdk1.8.0_151.jdk/Contents/Home/jre/lib/ext:/Library/Java/Extensions:/Network/Library/Java/Extensions:/System/Library/Java/Extensions:/usr/lib/java"/>
    <property name="sun.io.unicode.encoding" value="UnicodeBig"/>
    <property name="java.class.version" value="52.0"/>
  </properties>
  <testcase name="testDeserialize" classname="dev.jlibra.admissioncontrol.query.AccountDataTest" time="0"/>
</testsuite>